9/11/2020 9:14:31 AM	This log contains information about the import schema operation into project 'Manager4HospitalDataBase' on computer 'DESKTOP-A1885U6' by user 'Duckick'.
9/11/2020 9:14:31 AM	Import of database schema has started.
9/11/2020 9:14:34 AM	Gathering error messages
9/11/2020 9:14:34 AM	Gathering cryptographic providers
9/11/2020 9:14:35 AM	Gathering credentials
9/11/2020 9:14:35 AM	Gathering logins
9/11/2020 9:14:35 AM	Gathering server roles
9/11/2020 9:14:35 AM	Gathering server role memberships
9/11/2020 9:14:35 AM	Gathering linked servers
9/11/2020 9:14:35 AM	Gathering linked server logins
9/11/2020 9:14:35 AM	Gathering routes
9/11/2020 9:14:35 AM	Gathering ddl triggers
9/11/2020 9:14:35 AM	Gathering encrypted and clr ddl triggers
9/11/2020 9:14:35 AM	Gathering event notifications
9/11/2020 9:14:35 AM	Gathering server audits
9/11/2020 9:14:35 AM	Gathering server audit specifications
9/11/2020 9:14:35 AM	Gathering event notifications
9/11/2020 9:14:38 AM	Gathering database credentials
9/11/2020 9:14:38 AM	Gathering database options
9/11/2020 9:14:38 AM	Gathering generic database scoped configuration option
9/11/2020 9:14:38 AM	Gathering users
9/11/2020 9:14:38 AM	Gathering roles
9/11/2020 9:14:38 AM	Gathering application roles
9/11/2020 9:14:38 AM	Gathering role memberships
9/11/2020 9:14:38 AM	Gathering filegroups
9/11/2020 9:14:38 AM	Gathering files
9/11/2020 9:14:38 AM	Gathering full-text catalogs
9/11/2020 9:14:38 AM	Gathering assemblies
9/11/2020 9:14:38 AM	Gathering certificates
9/11/2020 9:14:38 AM	Gathering asymmetric keys
9/11/2020 9:14:38 AM	Gathering symmetric keys
9/11/2020 9:14:39 AM	Gathering encrypted symmetric keys
9/11/2020 9:14:39 AM	Gathering database encryption keys
9/11/2020 9:14:39 AM	Gathering schemas
9/11/2020 9:14:39 AM	Gathering XML schema collections
9/11/2020 9:14:39 AM	Gathering user-defined data types
9/11/2020 9:14:39 AM	Gathering user-defined types
9/11/2020 9:14:39 AM	Gathering table types
9/11/2020 9:14:39 AM	Gathering unique keys for table types
9/11/2020 9:14:39 AM	Gathering primary keys for table types
9/11/2020 9:14:39 AM	Gathering indexes for table types
9/11/2020 9:14:39 AM	Gathering check constraints for table types
9/11/2020 9:14:39 AM	Gathering default constraints for table types
9/11/2020 9:14:39 AM	Gathering partition functions
9/11/2020 9:14:39 AM	Gathering partition schemes
9/11/2020 9:14:39 AM	Gathering functions
9/11/2020 9:14:39 AM	Gathering encrypted functions
9/11/2020 9:14:39 AM	Gathering aggregates
9/11/2020 9:14:39 AM	Gathering procedures
9/11/2020 9:14:39 AM	Gathering encrypted procedures
9/11/2020 9:14:39 AM	Gathering tables
9/11/2020 9:14:39 AM	Gathering primary keys
9/11/2020 9:14:39 AM	Gathering unique constraints
9/11/2020 9:14:39 AM	Gathering foreign keys
9/11/2020 9:14:39 AM	Gathering default constraints
9/11/2020 9:14:39 AM	Gathering check constraints
9/11/2020 9:14:39 AM	Gathering views
9/11/2020 9:14:39 AM	Gathering encrypted views
9/11/2020 9:14:39 AM	Gathering indexes
9/11/2020 9:14:39 AM	Gathering statistics
9/11/2020 9:14:39 AM	Gathering full-text index stoplists
9/11/2020 9:14:39 AM	Gathering search property lists
9/11/2020 9:14:39 AM	Gathering search properties
9/11/2020 9:14:39 AM	Gathering full-text indexes
9/11/2020 9:14:39 AM	Gathering column store indexes
9/11/2020 9:14:39 AM	Gathering spatial indexes
9/11/2020 9:14:40 AM	Gathering XML indexes
9/11/2020 9:14:40 AM	Gathering Selective XML indexes
9/11/2020 9:14:40 AM	Gathering encrypted triggers
9/11/2020 9:14:40 AM	Gathering triggers
9/11/2020 9:14:40 AM	Gathering encrypted and clr ddl triggers
9/11/2020 9:14:40 AM	Gathering ddl triggers
9/11/2020 9:14:40 AM	Creating edge constraints
9/11/2020 9:14:40 AM	Gathering synonyms
9/11/2020 9:14:40 AM	Gathering defaults
9/11/2020 9:14:40 AM	Gathering data constraint uddt bindings
9/11/2020 9:14:40 AM	Gathering rules
9/11/2020 9:14:40 AM	Gathering data constraint uddt bindings
9/11/2020 9:14:40 AM	Gathering message types
9/11/2020 9:14:40 AM	Gathering queues
9/11/2020 9:14:40 AM	Gathering contracts
9/11/2020 9:14:40 AM	Gathering services
9/11/2020 9:14:40 AM	Gathering routes
9/11/2020 9:14:40 AM	Gathering event notifications
9/11/2020 9:14:40 AM	Gathering remote service bindings
9/11/2020 9:14:40 AM	Gathering broker priorities
9/11/2020 9:14:40 AM	Gathering database audit specifications
9/11/2020 9:14:40 AM	Gathering signatures
9/11/2020 9:14:40 AM	Gathering data compression options
9/11/2020 9:14:40 AM	Gathering sequence types
9/11/2020 9:14:40 AM	Gathering security policies
9/11/2020 9:14:41 AM	Gather column encryption keys
9/11/2020 9:14:41 AM	Gathering column master keys
9/11/2020 9:14:41 AM	Gathering external data sources
9/11/2020 9:14:41 AM	Gathering external file formats
9/11/2020 9:14:41 AM	Gathering external tables
9/11/2020 9:14:41 AM	Gathering extended properties
9/11/2020 9:14:41 AM	Scanning project for duplicate elements
9/11/2020 9:14:41 AM	Finished duplicate element processing
9/11/2020 9:14:42 AM	Finished importing database.
9/11/2020 9:14:42 AM	A summary of the import was saved to the following location: D:\Project\Manager4Hospital\Manager4HospitalBackEnd\Manager4HospitalDataBase\Import Schema Logs\Manager4HospitalData_20200911061431.log
9/11/2020 9:14:42 AM	Click Finish to continue...
